<?xml version="1.0" encoding="UTF-8"?>
<!-- Generated by org.testng.reporters.JUnitXMLReporter -->
<testsuite ignored="0" hostname="DESKTOP-653N01I" failures="0" tests="4" name="Surefire test" time="76.309" errors="0" timestamp="2021-12-16T15:13:38 IST">
  <testcase classname="tests.LoginTest" name="loginWithValidCredentials" time="1.825"/>
  <testcase classname="tests.LoginTest" name="loginWithInvalidCredentials" time="1.234"/>
  <testcase classname="tests.SearchTest" name="searchWithAnExistingProduct" time="0.819"/>
  <testcase classname="tests.SearchTest" name="searchWithNonExistingProduct" time="0.643"/>
</testsuite> <!-- Surefire test -->
